build/app/intermediates/manifest_merge_blame_file/release/manifest-merger-blame-release-report.txt
1<?xml version="1.0" encoding="utf-8"?>
2<manifest xmlns:android="http://schemas.android.com/apk/res/android"
3    package="com.cyberneom.neom"
4    android:versionCode="1"
5    android:versionName="1.0.0" >
6
7    <uses-sdk
8        android:minSdkVersion="21"
8-->src\main\AndroidManifest.xml
9        android:targetSdkVersion="29" />
9-->src\main\AndroidManifest.xml
10
11    <uses-permission android:name="android.permission.INTERNET" />
11-->src\main\AndroidManifest.xml:65:5-66
11-->src\main\AndroidManifest.xml:65:22-64
12    <uses-permission android:name="android.permission.ACCESS_FINE_LOCATION" />
12-->src\main\AndroidManifest.xml:66:5-79
12-->src\main\AndroidManifest.xml:66:22-76
13    <uses-permission android:name="android.permission.ACCESS_COARSE_LOCATION" />
13-->src\main\AndroidManifest.xml:67:5-81
13-->src\main\AndroidManifest.xml:67:22-78
14    <!--
15    NOTE: Specifying the ACCESS_COARSE_LOCATION permission results in location updates with an accuracy approximately equivalant to a city block.
16     It might take a long time (minutes) before you will get your first locations fix as ACCESS_COARSE_LOCATION will only use the network services
17     to calculate the position of the device. More information can be found here.
18    -->
19    <uses-permission android:name="android.permission.ACCESS_BACKGROUND_LOCATION" />
19-->src\main\AndroidManifest.xml:72:5-85
19-->src\main\AndroidManifest.xml:72:22-82
20    <uses-permission android:name="android.permission.WAKE_LOCK" />
20-->[:firebase_messaging] AndroidManifest.xml:8:5-68
20-->[:firebase_messaging] AndroidManifest.xml:8:22-65
21    <uses-permission android:name="android.permission.ACCESS_NETWORK_STATE" />
21-->[:firebase_messaging] AndroidManifest.xml:9:5-79
21-->[:firebase_messaging] AndroidManifest.xml:9:22-76
22    <uses-permission android:name="android.permission.READ_EXTERNAL_STORAGE" />
22-->[:image_picker] AndroidManifest.xml:7:5-80
22-->[:image_picker] AndroidManifest.xml:7:22-77
23    <uses-permission android:name="android.permission.WRITE_EXTERNAL_STORAGE" />
23-->[:image_picker] AndroidManifest.xml:8:5-81
23-->[:image_picker] AndroidManifest.xml:8:22-78
24    <uses-permission android:name="android.permission.RECORD_AUDIO" />
24-->[:sound_stream] AndroidManifest.xml:7:5-71
24-->[:sound_stream] AndroidManifest.xml:7:22-68
25
26    <uses-feature
26-->[com.google.android.gms:play-services-maps:17.0.0] AndroidManifest.xml:26:5-28:35
27        android:glEsVersion="0x00020000"
27-->[com.google.android.gms:play-services-maps:17.0.0] AndroidManifest.xml:27:9-41
28        android:required="true" /> <!-- Required by older versions of Google Play services to create IID tokens -->
28-->[com.google.android.gms:play-services-maps:17.0.0] AndroidManifest.xml:28:9-32
29    <uses-permission android:name="com.google.android.c2dm.permission.RECEIVE" />
29-->[com.google.firebase:firebase-messaging:22.0.0] AndroidManifest.xml:25:5-82
29-->[com.google.firebase:firebase-messaging:22.0.0] AndroidManifest.xml:25:22-79
30    <uses-permission android:name="com.google.android.finsky.permission.BIND_GET_INSTALL_REFERRER_SERVICE" /> <!-- Android package visibility setting -->
30-->[com.google.android.gms:play-services-measurement:19.0.0] AndroidManifest.xml:26:5-110
30-->[com.google.android.gms:play-services-measurement:19.0.0] AndroidManifest.xml:26:22-107
31    <queries>
31-->[com.google.android.gms:play-services-ads-lite:19.7.0] AndroidManifest.xml:27:5-43:15
32
33        <!-- For browser content -->
34        <intent>
34-->[com.google.android.gms:play-services-ads-lite:19.7.0] AndroidManifest.xml:30:9-36:18
35            <action android:name="android.intent.action.VIEW" />
35-->src\main\AndroidManifest.xml:55:17-69
35-->src\main\AndroidManifest.xml:55:25-66
36
37            <category android:name="android.intent.category.BROWSABLE" />
37-->src\main\AndroidManifest.xml:57:17-78
37-->src\main\AndroidManifest.xml:57:27-75
38
39            <data android:scheme="https" />
39-->src\main\AndroidManifest.xml:58:17-75
39-->src\main\AndroidManifest.xml:58:23-72
40        </intent>
41        <!-- End of browser content -->
42        <!-- For CustomTabsService -->
43        <intent>
43-->[com.google.android.gms:play-services-ads-lite:19.7.0] AndroidManifest.xml:39:9-41:18
44            <action android:name="android.support.customtabs.action.CustomTabsService" />
44-->[com.google.android.gms:play-services-ads-lite:19.7.0] AndroidManifest.xml:40:13-90
44-->[com.google.android.gms:play-services-ads-lite:19.7.0] AndroidManifest.xml:40:21-87
45        </intent>
46        <!-- End of CustomTabsService -->
47    </queries>
48
49    <uses-permission android:name="android.permission.RECEIVE_BOOT_COMPLETED" />
49-->[androidx.work:work-runtime:2.1.0] AndroidManifest.xml:27:5-81
49-->[androidx.work:work-runtime:2.1.0] AndroidManifest.xml:27:22-78
50    <!--
51 io.flutter.app.FlutterApplication is an android.app.Application that
52         calls FlutterMain.startInitialization(this); in its onCreate method.
53         In most cases you can leave this as-is, but you if you want to provide
54         additional functionality it is fine to subclass or reimplement
55         FlutterApplication and put your custom class here.
56    -->
57    <application
57-->src\main\AndroidManifest.xml:10:5-64:19
58        android:appComponentFactory="androidx.core.app.CoreComponentFactory"
58-->[androidx.core:core:1.6.0] AndroidManifest.xml:24:18-86
59        android:icon="@mipmap/ic_launcher"
59-->src\main\AndroidManifest.xml:12:9-43
60        android:label="Cyberneom"
60-->src\main\AndroidManifest.xml:11:9-34
61        android:supportsRtl="true"
61-->[com.facebook.android:facebook-android-sdk:8.2.0] AndroidManifest.xml:28:18-44
62        android:usesCleartextTraffic="true" >
62-->src\main\AndroidManifest.xml:13:9-44
63        <activity
63-->src\main\AndroidManifest.xml:15:9-37:20
64            android:name="com.cyberneom.neom.MainActivity"
64-->src\main\AndroidManifest.xml:16:13-41
65            android:configChanges="orientation|keyboardHidden|keyboard|screenSize|locale|layoutDirection|fontScale|screenLayout|density|uiMode"
65-->src\main\AndroidManifest.xml:19:13-144
66            android:hardwareAccelerated="true"
66-->src\main\AndroidManifest.xml:20:13-47
67            android:launchMode="singleTop"
67-->src\main\AndroidManifest.xml:17:13-43
68            android:theme="@style/LaunchTheme"
68-->src\main\AndroidManifest.xml:18:13-47
69            android:windowSoftInputMode="adjustResize" >
69-->src\main\AndroidManifest.xml:21:13-55
70
71            <!--
72                 This keeps the window background of the activity showing
73                 until Flutter renders its first frame. It can be removed if
74                 there is no splash screen (such as the default splash screen
75                 defined in @style/LaunchTheme).
76            -->
77            <intent-filter>
77-->src\main\AndroidManifest.xml:26:13-29:29
78                <action android:name="android.intent.action.MAIN" />
78-->src\main\AndroidManifest.xml:27:17-68
78-->src\main\AndroidManifest.xml:27:25-66
79
80                <category android:name="android.intent.category.LAUNCHER" />
80-->src\main\AndroidManifest.xml:28:17-76
80-->src\main\AndroidManifest.xml:28:27-74
81            </intent-filter>
82            <!-- Specify that the launch screen should continue being displayed -->
83            <!-- until Flutter renders its first frame. -->
84            <meta-data
84-->src\main\AndroidManifest.xml:32:13-34:66
85                android:name="io.flutter.embedding.android.SplashScreenDrawable"
85-->src\main\AndroidManifest.xml:33:17-81
86                android:resource="@drawable/launch_background" />
86-->src\main\AndroidManifest.xml:34:17-63
87
88            <!-- Theme to apply as soon as Flutter begins rendering frames -->
89        </activity>
90
91        <meta-data
91-->src\main\AndroidManifest.xml:38:9-40:33
92            android:name="flutterEmbedding"
92-->src\main\AndroidManifest.xml:39:13-44
93            android:value="2" />
93-->src\main\AndroidManifest.xml:40:13-30
94
95        <!-- This is necessary as part of AdMob and Google Ads -->
96        <meta-data
96-->src\main\AndroidManifest.xml:43:9-45:69
97            android:name="com.google.android.gms.ads.APPLICATION_ID"
97-->src\main\AndroidManifest.xml:44:13-69
98            android:value="ca-app-pub-9248844542810621~4699252247" />
98-->src\main\AndroidManifest.xml:45:13-67
99
100        <!-- <meta-data android:name="com.facebook.sdk.ApplicationId" android:value="@string/facebook_app_id"/> -->
101        <activity
101-->src\main\AndroidManifest.xml:49:9-51:48
102            android:name="com.facebook.FacebookActivity"
102-->src\main\AndroidManifest.xml:49:19-63
103            android:configChanges="keyboard|keyboardHidden|screenLayout|screenSize|orientation"
103-->src\main\AndroidManifest.xml:50:13-97
104            android:label="@string/app_name"
104-->src\main\AndroidManifest.xml:51:13-45
105            android:theme="@style/com_facebook_activity_theme" />
105-->[com.facebook.android:facebook-common:11.1.1] AndroidManifest.xml:33:13-63
106        <activity
106-->src\main\AndroidManifest.xml:52:9-60:20
107            android:name="com.facebook.CustomTabActivity"
107-->src\main\AndroidManifest.xml:52:19-64
108            android:exported="true" >
108-->src\main\AndroidManifest.xml:53:13-36
109            <intent-filter>
109-->src\main\AndroidManifest.xml:54:13-59:29
110                <action android:name="android.intent.action.VIEW" />
110-->src\main\AndroidManifest.xml:55:17-69
110-->src\main\AndroidManifest.xml:55:25-66
111
112                <category android:name="android.intent.category.DEFAULT" />
112-->src\main\AndroidManifest.xml:56:17-76
112-->src\main\AndroidManifest.xml:56:27-73
113                <category android:name="android.intent.category.BROWSABLE" />
113-->src\main\AndroidManifest.xml:57:17-78
113-->src\main\AndroidManifest.xml:57:27-75
114
115                <data android:scheme="@string/fb_login_protocol_scheme" />
115-->src\main\AndroidManifest.xml:58:17-75
115-->src\main\AndroidManifest.xml:58:23-72
116            </intent-filter>
117            <intent-filter>
117-->[com.facebook.android:facebook-common:11.1.1] AndroidManifest.xml:39:13-48:29
118                <action android:name="android.intent.action.VIEW" />
118-->src\main\AndroidManifest.xml:55:17-69
118-->src\main\AndroidManifest.xml:55:25-66
119
120                <category android:name="android.intent.category.DEFAULT" />
120-->src\main\AndroidManifest.xml:56:17-76
120-->src\main\AndroidManifest.xml:56:27-73
121                <category android:name="android.intent.category.BROWSABLE" />
121-->src\main\AndroidManifest.xml:57:17-78
121-->src\main\AndroidManifest.xml:57:27-75
122
123                <data
123-->src\main\AndroidManifest.xml:58:17-75
124                    android:host="cct.com.cyberneom.neom"
125                    android:scheme="fbconnect" />
125-->src\main\AndroidManifest.xml:58:23-72
126            </intent-filter>
127            <intent-filter>
127-->[com.firebaseui:firebase-ui-auth:7.1.1] AndroidManifest.xml:92:13-99:29
128                <action android:name="android.intent.action.VIEW" />
128-->src\main\AndroidManifest.xml:55:17-69
128-->src\main\AndroidManifest.xml:55:25-66
129
130                <category android:name="android.intent.category.DEFAULT" />
130-->src\main\AndroidManifest.xml:56:17-76
130-->src\main\AndroidManifest.xml:56:27-73
131                <category android:name="android.intent.category.BROWSABLE" />
131-->src\main\AndroidManifest.xml:57:17-78
131-->src\main\AndroidManifest.xml:57:27-75
132
133                <data android:scheme="@string/facebook_login_protocol_scheme" />
133-->src\main\AndroidManifest.xml:58:17-75
133-->src\main\AndroidManifest.xml:58:23-72
134            </intent-filter>
135        </activity>
136
137        <meta-data
137-->src\main\AndroidManifest.xml:62:9-63:70
138            android:name="com.google.android.geo.API_KEY"
138-->src\main\AndroidManifest.xml:62:20-65
139            android:value="AIzaSyCr2yQKePG9aW6q3U9u2yDG4iFQxKvuHRE" />
139-->src\main\AndroidManifest.xml:63:13-68
140
141        <service
141-->[:firebase_messaging] AndroidManifest.xml:12:9-15:72
142            android:name="io.flutter.plugins.firebase.messaging.FlutterFirebaseMessagingBackgroundService"
142-->[:firebase_messaging] AndroidManifest.xml:13:13-107
143            android:exported="false"
143-->[:firebase_messaging] AndroidManifest.xml:14:13-37
144            android:permission="android.permission.BIND_JOB_SERVICE" />
144-->[:firebase_messaging] AndroidManifest.xml:15:13-69
145        <service
145-->[:firebase_messaging] AndroidManifest.xml:16:9-22:19
146            android:name="io.flutter.plugins.firebase.messaging.FlutterFirebaseMessagingService"
146-->[:firebase_messaging] AndroidManifest.xml:17:13-97
147            android:exported="false" >
147-->[:firebase_messaging] AndroidManifest.xml:18:13-37
148            <intent-filter>
148-->[:firebase_messaging] AndroidManifest.xml:19:13-21:29
149                <action android:name="com.google.firebase.MESSAGING_EVENT" />
149-->[:firebase_messaging] AndroidManifest.xml:20:17-78
149-->[:firebase_messaging] AndroidManifest.xml:20:25-75
150            </intent-filter>
151        </service>
152
153        <receiver
153-->[:firebase_messaging] AndroidManifest.xml:24:9-31:20
154            android:name="io.flutter.plugins.firebase.messaging.FlutterFirebaseMessagingReceiver"
154-->[:firebase_messaging] AndroidManifest.xml:25:13-98
155            android:exported="true"
155-->[:firebase_messaging] AndroidManifest.xml:26:13-36
156            android:permission="com.google.android.c2dm.permission.SEND" >
156-->[:firebase_messaging] AndroidManifest.xml:27:13-73
157            <intent-filter>
157-->[:firebase_messaging] AndroidManifest.xml:28:13-30:29
158                <action android:name="com.google.android.c2dm.intent.RECEIVE" />
158-->[:firebase_messaging] AndroidManifest.xml:29:17-81
158-->[:firebase_messaging] AndroidManifest.xml:29:25-78
159            </intent-filter>
160        </receiver>
161
162        <service
162-->[:firebase_messaging] AndroidManifest.xml:33:9-37:19
163            android:name="com.google.firebase.components.ComponentDiscoveryService"
163-->[:firebase_messaging] AndroidManifest.xml:33:18-89
164            android:directBootAware="true"
164-->[com.google.firebase:firebase-common:20.0.0] AndroidManifest.xml:35:13-43
165            android:exported="false" >
165-->[com.google.firebase:firebase-firestore:23.0.1] AndroidManifest.xml:19:13-37
166            <meta-data
166-->[:firebase_messaging] AndroidManifest.xml:34:13-36:85
167                android:name="com.google.firebase.components:io.flutter.plugins.firebase.messaging.FlutterFirebaseAppRegistrar"
167-->[:firebase_messaging] AndroidManifest.xml:35:17-128
168                android:value="com.google.firebase.components.ComponentRegistrar" />
168-->[:firebase_messaging] AndroidManifest.xml:36:17-82
169            <meta-data
169-->[:cloud_firestore] AndroidManifest.xml:9:13-11:85
170                android:name="com.google.firebase.components:io.flutter.plugins.firebase.firestore.FlutterFirebaseFirestoreRegistrar"
170-->[:cloud_firestore] AndroidManifest.xml:10:17-134
171                android:value="com.google.firebase.components.ComponentRegistrar" />
171-->[:cloud_firestore] AndroidManifest.xml:11:17-82
172            <meta-data
172-->[:firebase_analytics] AndroidManifest.xml:13:13-15:85
173                android:name="com.google.firebase.components:io.flutter.plugins.firebaseanalytics.FlutterFirebaseAppRegistrar"
173-->[:firebase_analytics] AndroidManifest.xml:14:17-127
174                android:value="com.google.firebase.components.ComponentRegistrar" />
174-->[:firebase_analytics] AndroidManifest.xml:15:17-82
175            <meta-data
175-->[:firebase_auth] AndroidManifest.xml:9:13-11:85
176                android:name="com.google.firebase.components:io.flutter.plugins.firebase.auth.FlutterFirebaseAuthRegistrar"
176-->[:firebase_auth] AndroidManifest.xml:10:17-124
177                android:value="com.google.firebase.components.ComponentRegistrar" />
177-->[:firebase_auth] AndroidManifest.xml:11:17-82
178            <meta-data
178-->[:firebase_storage] AndroidManifest.xml:9:13-11:85
179                android:name="com.google.firebase.components:io.flutter.plugins.firebase.storage.FlutterFirebaseAppRegistrar"
179-->[:firebase_storage] AndroidManifest.xml:10:17-126
180                android:value="com.google.firebase.components.ComponentRegistrar" />
180-->[:firebase_storage] AndroidManifest.xml:11:17-82
181            <meta-data
181-->[:firebase_core] AndroidManifest.xml:9:13-11:85
182                android:name="com.google.firebase.components:io.flutter.plugins.firebase.core.FlutterFirebaseCoreRegistrar"
182-->[:firebase_core] AndroidManifest.xml:10:17-124
183                android:value="com.google.firebase.components.ComponentRegistrar" />
183-->[:firebase_core] AndroidManifest.xml:11:17-82
184            <meta-data
184-->[com.google.firebase:firebase-firestore:23.0.1] AndroidManifest.xml:20:13-22:85
185                android:name="com.google.firebase.components:com.google.firebase.firestore.FirestoreRegistrar"
185-->[com.google.firebase:firebase-firestore:23.0.1] AndroidManifest.xml:21:17-111
186                android:value="com.google.firebase.components.ComponentRegistrar" />
186-->[com.google.firebase:firebase-firestore:23.0.1] AndroidManifest.xml:22:17-82
187            <meta-data
187-->[com.google.firebase:firebase-auth:21.0.1] AndroidManifest.xml:77:13-79:85
188                android:name="com.google.firebase.components:com.google.firebase.auth.FirebaseAuthRegistrar"
188-->[com.google.firebase:firebase-auth:21.0.1] AndroidManifest.xml:78:17-109
189                android:value="com.google.firebase.components.ComponentRegistrar" />
189-->[com.google.firebase:firebase-auth:21.0.1] AndroidManifest.xml:79:17-82
190            <meta-data
190-->[com.google.firebase:firebase-storage:20.0.0] AndroidManifest.xml:33:13-35:85
191                android:name="com.google.firebase.components:com.google.firebase.storage.StorageRegistrar"
191-->[com.google.firebase:firebase-storage:20.0.0] AndroidManifest.xml:34:17-107
192                android:value="com.google.firebase.components.ComponentRegistrar" />
192-->[com.google.firebase:firebase-storage:20.0.0] AndroidManifest.xml:35:17-82
193            <meta-data
193-->[com.google.firebase:firebase-messaging:22.0.0] AndroidManifest.xml:52:13-54:85
194                android:name="com.google.firebase.components:com.google.firebase.messaging.FirebaseMessagingRegistrar"
194-->[com.google.firebase:firebase-messaging:22.0.0] AndroidManifest.xml:53:17-119
195                android:value="com.google.firebase.components.ComponentRegistrar" />
195-->[com.google.firebase:firebase-messaging:22.0.0] AndroidManifest.xml:54:17-82
196            <meta-data
196-->[com.google.android.gms:play-services-measurement-api:19.0.0] AndroidManifest.xml:30:13-32:85
197                android:name="com.google.firebase.components:com.google.firebase.analytics.connector.internal.AnalyticsConnectorRegistrar"
197-->[com.google.android.gms:play-services-measurement-api:19.0.0] AndroidManifest.xml:31:17-139
198                android:value="com.google.firebase.components.ComponentRegistrar" />
198-->[com.google.android.gms:play-services-measurement-api:19.0.0] AndroidManifest.xml:32:17-82
199            <meta-data
199-->[com.google.firebase:firebase-datatransport:18.0.0] AndroidManifest.xml:28:13-30:85
200                android:name="com.google.firebase.components:com.google.firebase.datatransport.TransportRegistrar"
200-->[com.google.firebase:firebase-datatransport:18.0.0] AndroidManifest.xml:29:17-115
201                android:value="com.google.firebase.components.ComponentRegistrar" />
201-->[com.google.firebase:firebase-datatransport:18.0.0] AndroidManifest.xml:30:17-82
202            <meta-data
202-->[com.google.firebase:firebase-installations:17.0.0] AndroidManifest.xml:18:13-20:85
203                android:name="com.google.firebase.components:com.google.firebase.installations.FirebaseInstallationsRegistrar"
203-->[com.google.firebase:firebase-installations:17.0.0] AndroidManifest.xml:19:17-127
204                android:value="com.google.firebase.components.ComponentRegistrar" />
204-->[com.google.firebase:firebase-installations:17.0.0] AndroidManifest.xml:20:17-82
205        </service>
206
207        <provider
207-->[:firebase_messaging] AndroidManifest.xml:39:9-43:38
208            android:name="io.flutter.plugins.firebase.messaging.FlutterFirebaseMessagingInitProvider"
208-->[:firebase_messaging] AndroidManifest.xml:40:13-102
209            android:authorities="com.cyberneom.neom.flutterfirebasemessaginginitprovider"
209-->[:firebase_messaging] AndroidManifest.xml:41:13-88
210            android:exported="false"
210-->[:firebase_messaging] AndroidManifest.xml:42:13-37
211            android:initOrder="99" />
211-->[:firebase_messaging] AndroidManifest.xml:43:13-35
212        <provider
212-->[:image_picker] AndroidManifest.xml:11:9-19:20
213            android:name="io.flutter.plugins.imagepicker.ImagePickerFileProvider"
213-->[:image_picker] AndroidManifest.xml:12:13-82
214            android:authorities="com.cyberneom.neom.flutter.image_provider"
214-->[:image_picker] AndroidManifest.xml:13:13-74
215            android:exported="false"
215-->[:image_picker] AndroidManifest.xml:14:13-37
216            android:grantUriPermissions="true" >
216-->[:image_picker] AndroidManifest.xml:15:13-47
217            <meta-data
217-->[:image_picker] AndroidManifest.xml:16:13-18:75
218                android:name="android.support.FILE_PROVIDER_PATHS"
218-->[:image_picker] AndroidManifest.xml:17:17-67
219                android:resource="@xml/flutter_image_picker_file_paths" />
219-->[:image_picker] AndroidManifest.xml:18:17-72
220        </provider>
221
222        <meta-data
222-->[:google_mobile_ads] AndroidManifest.xml:10:9-12:36
223            android:name="io.flutter.embedded_views_preview"
223-->[:google_mobile_ads] AndroidManifest.xml:11:13-61
224            android:value="true" />
224-->[:google_mobile_ads] AndroidManifest.xml:12:13-33
225
226        <provider
226-->[:share] AndroidManifest.xml:8:9-16:20
227            android:name="io.flutter.plugins.share.ShareFileProvider"
227-->[:share] AndroidManifest.xml:9:13-70
228            android:authorities="com.cyberneom.neom.flutter.share_provider"
228-->[:share] AndroidManifest.xml:10:13-74
229            android:exported="false"
229-->[:share] AndroidManifest.xml:11:13-37
230            android:grantUriPermissions="true" >
230-->[:share] AndroidManifest.xml:12:13-47
231            <meta-data
231-->[:image_picker] AndroidManifest.xml:16:13-18:75
232                android:name="android.support.FILE_PROVIDER_PATHS"
232-->[:image_picker] AndroidManifest.xml:17:17-67
233                android:resource="@xml/flutter_share_file_paths" />
233-->[:image_picker] AndroidManifest.xml:18:17-72
234        </provider>
235        <provider
235-->[:flutter_mailer] AndroidManifest.xml:8:9-16:20
236            android:name="com.dataxad.flutter_mailer.FlutterMailerFileProvider"
236-->[:flutter_mailer] AndroidManifest.xml:9:13-80
237            android:authorities="com.cyberneom.neom.adv_provider"
237-->[:flutter_mailer] AndroidManifest.xml:10:13-64
238            android:exported="false"
238-->[:flutter_mailer] AndroidManifest.xml:11:13-37
239            android:grantUriPermissions="true" >
239-->[:flutter_mailer] AndroidManifest.xml:12:13-47
240            <meta-data
240-->[:image_picker] AndroidManifest.xml:16:13-18:75
241                android:name="android.support.FILE_PROVIDER_PATHS"
241-->[:image_picker] AndroidManifest.xml:17:17-67
242                android:resource="@xml/flutter_mailer_paths" />
242-->[:image_picker] AndroidManifest.xml:18:17-72
243        </provider>
244
245        <activity
245-->[:url_launcher] AndroidManifest.xml:8:9-11:74
246            android:name="io.flutter.plugins.urllauncher.WebViewActivity"
246-->[:url_launcher] AndroidManifest.xml:9:13-74
247            android:exported="false"
247-->[:url_launcher] AndroidManifest.xml:10:13-37
248            android:theme="@android:style/Theme.NoTitleBar.Fullscreen" />
248-->[:url_launcher] AndroidManifest.xml:11:13-71
249        <activity android:name="com.facebook.CustomTabMainActivity" />
249-->[com.facebook.android:facebook-common:11.1.1] AndroidManifest.xml:34:9-71
249-->[com.facebook.android:facebook-common:11.1.1] AndroidManifest.xml:34:19-68
250        <!--
251         The initialization ContentProvider will call FacebookSdk.sdkInitialize automatically
252         with the application context. This config is merged in with the host app's manifest,
253         but there can only be one provider with the same authority activated at any given
254         point; so if the end user has two or more different apps that use Facebook SDK, only the
255         first one will be able to use the provider. To work around this problem, we use the
256         following placeholder in the authority to identify each host application as if it was
257         a completely different provider.
258        -->
259        <provider
259-->[com.facebook.android:facebook-core:11.1.1] AndroidManifest.xml:39:9-42:40
260            android:name="com.facebook.internal.FacebookInitProvider"
260-->[com.facebook.android:facebook-core:11.1.1] AndroidManifest.xml:40:13-70
261            android:authorities="com.cyberneom.neom.FacebookInitProvider"
261-->[com.facebook.android:facebook-core:11.1.1] AndroidManifest.xml:41:13-72
262            android:exported="false" />
262-->[com.facebook.android:facebook-core:11.1.1] AndroidManifest.xml:42:13-37
263
264        <receiver
264-->[com.facebook.android:facebook-core:11.1.1] AndroidManifest.xml:44:9-50:20
265            android:name="com.facebook.CurrentAccessTokenExpirationBroadcastReceiver"
265-->[com.facebook.android:facebook-core:11.1.1] AndroidManifest.xml:45:13-86
266            android:exported="false" >
266-->[com.facebook.android:facebook-core:11.1.1] AndroidManifest.xml:46:13-37
267            <intent-filter>
267-->[com.facebook.android:facebook-core:11.1.1] AndroidManifest.xml:47:13-49:29
268                <action android:name="com.facebook.sdk.ACTION_CURRENT_ACCESS_TOKEN_CHANGED" />
268-->[com.facebook.android:facebook-core:11.1.1] AndroidManifest.xml:48:17-95
268-->[com.facebook.android:facebook-core:11.1.1] AndroidManifest.xml:48:25-92
269            </intent-filter>
270        </receiver>
271
272        <meta-data
272-->[com.firebaseui:firebase-ui-auth:7.1.1] AndroidManifest.xml:16:9-18:69
273            android:name="com.google.android.gms.version"
273-->[com.firebaseui:firebase-ui-auth:7.1.1] AndroidManifest.xml:17:13-58
274            android:value="@integer/google_play_services_version" />
274-->[com.firebaseui:firebase-ui-auth:7.1.1] AndroidManifest.xml:18:13-66
275        <meta-data
275-->[com.firebaseui:firebase-ui-auth:7.1.1] AndroidManifest.xml:19:9-21:63
276            android:name="com.facebook.sdk.ApplicationId"
276-->[com.firebaseui:firebase-ui-auth:7.1.1] AndroidManifest.xml:20:13-58
277            android:value="@string/facebook_application_id" />
277-->[com.firebaseui:firebase-ui-auth:7.1.1] AndroidManifest.xml:21:13-60
278
279        <activity
279-->[com.firebaseui:firebase-ui-auth:7.1.1] AndroidManifest.xml:23:9-27:61
280            android:name="com.firebase.ui.auth.KickoffActivity"
280-->[com.firebaseui:firebase-ui-auth:7.1.1] AndroidManifest.xml:24:13-64
281            android:exported="false"
281-->[com.firebaseui:firebase-ui-auth:7.1.1] AndroidManifest.xml:25:13-37
282            android:label=""
282-->[com.firebaseui:firebase-ui-auth:7.1.1] AndroidManifest.xml:26:13-29
283            android:theme="@style/FirebaseUI.Transparent" />
283-->[com.firebaseui:firebase-ui-auth:7.1.1] AndroidManifest.xml:27:13-58
284        <activity
284-->[com.firebaseui:firebase-ui-auth:7.1.1] AndroidManifest.xml:28:9-32:61
285            android:name="com.firebase.ui.auth.ui.idp.SingleSignInActivity"
285-->[com.firebaseui:firebase-ui-auth:7.1.1] AndroidManifest.xml:29:13-76
286            android:exported="false"
286-->[com.firebaseui:firebase-ui-auth:7.1.1] AndroidManifest.xml:30:13-37
287            android:label=""
287-->[com.firebaseui:firebase-ui-auth:7.1.1] AndroidManifest.xml:31:13-29
288            android:theme="@style/FirebaseUI.Transparent" />
288-->[com.firebaseui:firebase-ui-auth:7.1.1] AndroidManifest.xml:32:13-58
289        <activity
289-->[com.firebaseui:firebase-ui-auth:7.1.1] AndroidManifest.xml:33:9-37:61
290            android:name="com.firebase.ui.auth.ui.credentials.CredentialSaveActivity"
290-->[com.firebaseui:firebase-ui-auth:7.1.1] AndroidManifest.xml:34:13-86
291            android:exported="false"
291-->[com.firebaseui:firebase-ui-auth:7.1.1] AndroidManifest.xml:35:13-37
292            android:label=""
292-->[com.firebaseui:firebase-ui-auth:7.1.1] AndroidManifest.xml:36:13-29
293            android:theme="@style/FirebaseUI.Transparent" />
293-->[com.firebaseui:firebase-ui-auth:7.1.1] AndroidManifest.xml:37:13-58
294        <activity
294-->[com.firebaseui:firebase-ui-auth:7.1.1] AndroidManifest.xml:38:9-42:58
295            android:name="com.firebase.ui.auth.ui.email.RecoverPasswordActivity"
295-->[com.firebaseui:firebase-ui-auth:7.1.1] AndroidManifest.xml:39:13-81
296            android:exported="false"
296-->[com.firebaseui:firebase-ui-auth:7.1.1] AndroidManifest.xml:40:13-37
297            android:label="@string/fui_title_recover_password_activity"
297-->[com.firebaseui:firebase-ui-auth:7.1.1] AndroidManifest.xml:41:13-72
298            android:windowSoftInputMode="adjustResize" />